I170813 18:01:29.964575 1 util/log/clog.go:1011  [config] file created at: 2017/08/13 18:01:29
I170813 18:01:29.964575 1 util/log/clog.go:1011  [config] running on machine: Caspar
I170813 18:01:29.964575 1 util/log/clog.go:1011  [config] binary: CockroachDB CCL v1.0.4 (darwin amd64, built 2017/07/27 21:13:34, go1.8.3)
I170813 18:01:29.964575 1 util/log/clog.go:1011  [config] arguments: [cockroach start --certs-dir=certs --host=localhost --http-host=localhost]
I170813 18:01:29.964575 1 util/log/clog.go:1011  line format: [IWEF]yymmdd hh:mm:ss.uuuuuu goid file:line msg utf8=✓
I170813 18:01:29.964572 1 cli/start.go:593  CockroachDB CCL v1.0.4 (darwin amd64, built 2017/07/27 21:13:34, go1.8.3)
I170813 18:01:30.067646 1 server/config.go:375  system total memory: 16 GiB
I170813 18:01:30.067817 1 server/config.go:377  server configuration:
max offset                   500ms
cache size                   4.0 GiB
SQL memory pool size         4.0 GiB
scan interval                10m0s
scan max idle time           200ms
consistency check interval   24h0m0s
metrics sample interval      10s
time until store dead        5m0s
send next timeout            500ms
event log enabled            true
linearizable                 false
I170813 18:01:30.068587 13 cli/start.go:340  starting cockroach node
W170813 18:01:30.088306 13 server/config_unix.go:106  soft open file descriptor limit 10240 is under the recommended limit 15000; this may decrease performance
please see https://www.cockroachlabs.com/docs/recommended-production-settings.html for more details
I170813 18:01:30.089471 13 storage/engine/rocksdb.go:380  opening rocksdb instance at "/Users/marvin/Programming/laravel-apps/passwurd/database/cockroach/cockroach-data"
I170813 18:01:30.097119 13 server/config.go:475  [n?] 1 storage engine initialized
I170813 18:01:30.097142 13 server/config.go:477  [n?] RocksDB cache size: 4.0 GiB
I170813 18:01:30.097156 13 server/config.go:477  [n?] store 0: RocksDB, max size 0 B, max open file limit 9984
I170813 18:01:30.101009 13 server/node.go:454  [n?] store [n0,s0] not bootstrapped
I170813 18:01:30.111788 13 server/node.go:389  [n?] **** cluster faf71c25-4e25-491e-b676-e03e2c64e9d5 has been created
I170813 18:01:30.111805 13 server/node.go:390  [n?] **** add additional nodes by specifying --join=localhost:26257
I170813 18:01:30.112568 13 storage/store.go:1252  [n1] [n1,s1]: failed initial metrics computation: [n1,s1]: system config not yet available
I170813 18:01:30.112629 13 server/node.go:467  [n1] initialized store [n1,s1]: {Capacity:249769230336 Available:78912417792 RangeCount:1 LeaseCount:0}
I170813 18:01:30.112662 13 server/node.go:351  [n1] node ID 1 initialized
I170813 18:01:30.112758 13 gossip/gossip.go:297  [n1] NodeDescriptor set to node_id:1 address:<network_field:"tcp" address_field:"localhost:26257" > attrs:<> locality:<> 
I170813 18:01:30.113097 13 storage/stores.go:296  [n1] read 0 node addresses from persistent storage
I170813 18:01:30.113187 13 server/node.go:608  [n1] connecting to gossip network to verify cluster ID...
I170813 18:01:30.113204 13 server/node.go:633  [n1] node connected via gossip and verified as part of cluster "faf71c25-4e25-491e-b676-e03e2c64e9d5"
I170813 18:01:30.113239 13 server/node.go:405  [n1] node=1: started with [[]=/Users/marvin/Programming/laravel-apps/passwurd/database/cockroach/cockroach-data] engine(s) and attributes []
I170813 18:01:30.116025 41 storage/split_queue.go:93  [split,n1,s1,r1/1:/M{in-ax}] splitting at key /System/""
I170813 18:01:30.116651 13 sql/executor.go:338  [n1] creating distSQLPlanner with address {tcp localhost:26257}
I170813 18:01:30.118952 41 storage/replica_command.go:2670  [split,n1,s1,r1/1:/M{in-ax}] initiating a split of this range at key /System/"" [r2]
I170813 18:01:30.129888 13 server/server.go:735  [n1] starting https server at localhost:8080
I170813 18:01:30.129905 13 server/server.go:736  [n1] starting grpc/postgres server at localhost:26257
I170813 18:01:30.129916 13 server/server.go:737  [n1] advertising CockroachDB node at localhost:26257
E170813 18:01:30.136246 42 storage/queue.go:654  [replicate,n1,s1,r1/1:/{Min-System/}] range requires a replication change, but lacks a quorum of live replicas (0/1)
I170813 18:01:30.136449 41 storage/split_queue.go:93  [split,n1,s1,r2/1:/{System/-Max}] splitting at key /System/tsd
I170813 18:01:30.136485 41 storage/replica_command.go:2670  [split,n1,s1,r2/1:/{System/-Max}] initiating a split of this range at key /System/tsd [r3]
E170813 18:01:30.143702 163 storage/replica_proposal.go:497  [n1,s1,r2/1:/{System/-Max}] could not load SystemConfig span: must retry later due to intent on SystemConfigSpan
I170813 18:01:30.144048 41 storage/split_queue.go:93  [split,n1,s1,r3/1:/{System/tsd-Max}] splitting at key /System/"tse"
I170813 18:01:30.144066 41 storage/replica_command.go:2670  [split,n1,s1,r3/1:/{System/tsd-Max}] initiating a split of this range at key /System/"tse" [r4]
I170813 18:01:30.147670 13 sql/event_log.go:101  [n1] Event: "alter_table", target: 12, info: {TableName:eventlog Statement:ALTER TABLE system.eventlog ALTER COLUMN uniqueid SET DEFAULT uuid_v4() User:node MutationID:0 CascadeDroppedViews:[]}
E170813 18:01:30.154802 176 storage/replica_proposal.go:497  [n1,s1,r3/1:/{System/tsd-Max}] could not load SystemConfig span: must retry later due to intent on SystemConfigSpan
I170813 18:01:30.155092 41 storage/split_queue.go:93  [split,n1,s1,r4/1:/{System/tse-Max}] splitting at key /Table/0/0
I170813 18:01:30.155131 41 storage/replica_command.go:2670  [split,n1,s1,r4/1:/{System/tse-Max}] initiating a split of this range at key /Table/0 [r5]
I170813 18:01:30.160180 41 storage/split_queue.go:93  [split,n1,s1,r5/1:/{Table/0-Max}] splitting at key /Table/11/0
I170813 18:01:30.160198 41 storage/replica_command.go:2670  [split,n1,s1,r5/1:/{Table/0-Max}] initiating a split of this range at key /Table/11 [r6]
I170813 18:01:30.160871 13 sql/lease.go:372  [n1] publish: descID=12 (eventlog) version=2 mtime=2017-08-13 18:01:30.160837362 -0700 PDT
I170813 18:01:30.164515 41 storage/split_queue.go:93  [split,n1,s1,r6/1:/{Table/11-Max}] splitting at key /Table/12/0
I170813 18:01:30.164544 41 storage/replica_command.go:2670  [split,n1,s1,r6/1:/{Table/11-Max}] initiating a split of this range at key /Table/12 [r7]
I170813 18:01:30.169509 41 storage/split_queue.go:93  [split,n1,s1,r7/1:/{Table/12-Max}] splitting at key /Table/13/0
I170813 18:01:30.169535 41 storage/replica_command.go:2670  [split,n1,s1,r7/1:/{Table/12-Max}] initiating a split of this range at key /Table/13 [r8]
I170813 18:01:30.172628 13 server/server.go:847  [n1] done ensuring all necessary migrations have run
I170813 18:01:30.172648 13 server/server.go:849  [n1] serving sql connections
I170813 18:01:30.172751 13 cli/start.go:411  node startup completed:
CockroachDB node starting at 2017-08-13 18:01:30.172689465 -0700 PDT
build:      CCL v1.0.4 @ 2017/07/27 21:13:34 (go1.8.3)
admin:      https://localhost:8080
sql:        postgresql://root@localhost:26257?sslcert=certs%2Fclient.root.crt&sslkey=certs%2Fclient.root.key&sslmode=verify-full&sslrootcert=certs%2Fca.crt
logs:       /Users/marvin/Programming/laravel-apps/passwurd/database/cockroach/cockroach-data/logs
store[0]:   path=/Users/marvin/Programming/laravel-apps/passwurd/database/cockroach/cockroach-data
status:     initialized new cluster
clusterID:  faf71c25-4e25-491e-b676-e03e2c64e9d5
nodeID:     1
I170813 18:01:30.173506 41 storage/split_queue.go:93  [split,n1,s1,r8/1:/{Table/13-Max}] splitting at key /Table/14/0
I170813 18:01:30.173525 41 storage/replica_command.go:2670  [split,n1,s1,r8/1:/{Table/13-Max}] initiating a split of this range at key /Table/14 [r9]
I170813 18:01:30.175272 532 sql/event_log.go:101  [n1] Event: "node_join", target: 1, info: {Descriptor:{NodeID:1 Address:{NetworkField:tcp AddressField:localhost:26257} Attrs: Locality:} ClusterID:faf71c25-4e25-491e-b676-e03e2c64e9d5 StartedAt:1502672490113205622 LastUp:1502672490113205622}
I170813 18:01:30.177502 41 storage/split_queue.go:93  [split,n1,s1,r9/1:/{Table/14-Max}] splitting at key /Table/15/0
I170813 18:01:30.177525 41 storage/replica_command.go:2670  [split,n1,s1,r9/1:/{Table/14-Max}] initiating a split of this range at key /Table/15 [r10]
W170813 18:01:30.749621 533 server/updates.go:209  [n1] failed to check for updates: status: 500 Internal Server Error, body: 
, error: <nil>
W170813 18:01:30.854892 533 server/updates.go:317  [n1] failed to report node usage metrics: status: 500 Internal Server Error, body: 
, error: <nil>
W170813 18:01:40.116234 230 server/status/runtime.go:184  [n1] unable to get file descriptor usage (will not try again): not implemented on darwin
I170813 18:01:40.116426 228 storage/store.go:3997  [n1,s1] sstables (read amplification = 0):
I170813 18:01:40.116441 230 server/status/runtime.go:225  [n1] runtime stats: 54 MiB RSS, 159 goroutines, 8.8 MiB/4.3 MiB/24 MiB GO alloc/idle/total, 6.4 MiB/12 MiB CGO alloc/total, 0.00cgo/sec, 0.00/0.00 %(u/s)time, 0.00 %gc (8x)
I170813 18:01:40.138717 208 storage/replica_proposal.go:415  [n1,s1,r3/1:/System/ts{d-e}] new range lease repl=(n1,s1):1 start=0.000000000,0 epo=1 pro=1502672500.137948551,0 following repl=(n1,s1):1 start=0.000000000,0 exp=1502672499.112541766,0 pro=1502672490.112586084,0
I170813 18:01:50.113860 230 server/status/runtime.go:225  [n1] runtime stats: 55 MiB RSS, 159 goroutines, 14 MiB/1.3 MiB/26 MiB GO alloc/idle/total, 6.1 MiB/11 MiB CGO alloc/total, 61.12cgo/sec, 0.01/0.00 %(u/s)time, 0.00 %gc (0x)
I170813 18:02:00.114076 230 server/status/runtime.go:225  [n1] runtime stats: 56 MiB RSS, 160 goroutines, 12 MiB/5.6 MiB/28 MiB GO alloc/idle/total, 6.2 MiB/11 MiB CGO alloc/total, 62.10cgo/sec, 0.01/0.00 %(u/s)time, 0.00 %gc (1x)
I170813 18:02:10.114041 230 server/status/runtime.go:225  [n1] runtime stats: 58 MiB RSS, 160 goroutines, 9.1 MiB/8.2 MiB/28 MiB GO alloc/idle/total, 6.3 MiB/11 MiB CGO alloc/total, 57.80cgo/sec, 0.01/0.00 %(u/s)time, 0.00 %gc (1x)
I170813 18:02:20.113804 230 server/status/runtime.go:225  [n1] runtime stats: 58 MiB RSS, 160 goroutines, 15 MiB/3.1 MiB/28 MiB GO alloc/idle/total, 6.6 MiB/11 MiB CGO alloc/total, 66.20cgo/sec, 0.01/0.00 %(u/s)time, 0.00 %gc (0x)
I170813 18:02:30.115248 230 server/status/runtime.go:225  [n1] runtime stats: 59 MiB RSS, 160 goroutines, 13 MiB/5.1 MiB/28 MiB GO alloc/idle/total, 6.7 MiB/12 MiB CGO alloc/total, 61.19cgo/sec, 0.01/0.00 %(u/s)time, 0.00 %gc (1x)
I170813 18:02:30.116899 229 gossip/gossip.go:448  [n1] gossip status (ok, 1 node)
gossip client (0/3 cur/max conns)
gossip server (0/3 cur/max conns, infos 0/0 sent/received, bytes 0B/0B sent/received)
I170813 18:02:30.117195 150 storage/replica_proposal.go:415  [n1,s1,r5/1:/Table/{0-11}] new range lease repl=(n1,s1):1 start=0.000000000,0 epo=1 pro=1502672550.115073238,0 following repl=(n1,s1):1 start=0.000000000,0 exp=1502672499.112541766,0 pro=1502672490.112586084,0
I170813 18:02:30.117605 195 storage/replica_proposal.go:415  [n1,s1,r10/1:/{Table/15-Max}] new range lease repl=(n1,s1):1 start=0.000000000,0 epo=1 pro=1502672550.117106618,0 following repl=(n1,s1):1 start=0.000000000,0 exp=1502672499.112541766,0 pro=1502672490.112586084,0
I170813 18:02:30.118323 190 storage/replica_proposal.go:415  [n1,s1,r9/1:/Table/1{4-5}] new range lease repl=(n1,s1):1 start=0.000000000,0 epo=1 pro=1502672550.117785372,0 following repl=(n1,s1):1 start=0.000000000,0 exp=1502672499.112541766,0 pro=1502672490.112586084,0
I170813 18:02:30.118989 186 storage/replica_proposal.go:415  [n1,s1,r4/1:/{System/tse-Table/0}] new range lease repl=(n1,s1):1 start=0.000000000,0 epo=1 pro=1502672550.118499793,0 following repl=(n1,s1):1 start=0.000000000,0 exp=1502672499.112541766,0 pro=1502672490.112586084,0
I170813 18:02:30.119699 175 storage/replica_proposal.go:415  [n1,s1,r6/1:/Table/1{1-2}] new range lease repl=(n1,s1):1 start=0.000000000,0 epo=1 pro=1502672550.119178638,0 following repl=(n1,s1):1 start=0.000000000,0 exp=1502672499.112541766,0 pro=1502672490.112586084,0
I170813 18:02:30.120402 177 storage/replica_proposal.go:415  [n1,s1,r8/1:/Table/1{3-4}] new range lease repl=(n1,s1):1 start=0.000000000,0 epo=1 pro=1502672550.119884767,0 following repl=(n1,s1):1 start=0.000000000,0 exp=1502672499.112541766,0 pro=1502672490.112586084,0
I170813 18:02:30.121089 165 storage/replica_proposal.go:415  [n1,s1,r7/1:/Table/1{2-3}] new range lease repl=(n1,s1):1 start=0.000000000,0 epo=1 pro=1502672550.120566218,0 following repl=(n1,s1):1 start=0.000000000,0 exp=1502672499.112541766,0 pro=1502672490.112586084,0
I170813 18:02:40.114309 230 server/status/runtime.go:225  [n1] runtime stats: 60 MiB RSS, 158 goroutines, 9.2 MiB/9.0 MiB/29 MiB GO alloc/idle/total, 8.0 MiB/13 MiB CGO alloc/total, 87.41cgo/sec, 0.01/0.00 %(u/s)time, 0.00 %gc (1x)
I170813 18:02:50.113593 230 server/status/runtime.go:225  [n1] runtime stats: 61 MiB RSS, 158 goroutines, 15 MiB/4.0 MiB/29 MiB GO alloc/idle/total, 8.1 MiB/14 MiB CGO alloc/total, 59.00cgo/sec, 0.01/0.00 %(u/s)time, 0.00 %gc (0x)
I170813 18:03:00.113802 230 server/status/runtime.go:225  [n1] runtime stats: 61 MiB RSS, 158 goroutines, 12 MiB/6.6 MiB/29 MiB GO alloc/idle/total, 8.2 MiB/14 MiB CGO alloc/total, 58.10cgo/sec, 0.01/0.00 %(u/s)time, 0.00 %gc (1x)
I170813 18:03:10.117961 230 server/status/runtime.go:225  [n1] runtime stats: 61 MiB RSS, 158 goroutines, 18 MiB/1.4 MiB/29 MiB GO alloc/idle/total, 8.1 MiB/14 MiB CGO alloc/total, 66.17cgo/sec, 0.01/0.00 %(u/s)time, 0.00 %gc (0x)
I170813 18:03:20.117910 230 server/status/runtime.go:225  [n1] runtime stats: 61 MiB RSS, 158 goroutines, 14 MiB/5.0 MiB/29 MiB GO alloc/idle/total, 8.3 MiB/14 MiB CGO alloc/total, 58.10cgo/sec, 0.01/0.00 %(u/s)time, 0.00 %gc (1x)
I170813 18:03:30.113660 229 gossip/gossip.go:448  [n1] gossip status (ok, 1 node)
gossip client (0/3 cur/max conns)
gossip server (0/3 cur/max conns, infos 0/0 sent/received, bytes 0B/0B sent/received)
I170813 18:03:30.113723 230 server/status/runtime.go:225  [n1] runtime stats: 62 MiB RSS, 160 goroutines, 11 MiB/7.5 MiB/29 MiB GO alloc/idle/total, 8.2 MiB/14 MiB CGO alloc/total, 60.02cgo/sec, 0.01/0.00 %(u/s)time, 0.00 %gc (1x)
I170813 18:03:40.113680 230 server/status/runtime.go:225  [n1] runtime stats: 62 MiB RSS, 158 goroutines, 17 MiB/2.2 MiB/29 MiB GO alloc/idle/total, 8.2 MiB/14 MiB CGO alloc/total, 63.50cgo/sec, 0.01/0.00 %(u/s)time, 0.00 %gc (0x)
I170813 18:03:50.116364 230 server/status/runtime.go:225  [n1] runtime stats: 63 MiB RSS, 158 goroutines, 12 MiB/7.2 MiB/30 MiB GO alloc/idle/total, 8.2 MiB/14 MiB CGO alloc/total, 61.88cgo/sec, 0.01/0.00 %(u/s)time, 0.00 %gc (1x)
I170813 18:04:00.115378 230 server/status/runtime.go:225  [n1] runtime stats: 63 MiB RSS, 158 goroutines, 18 MiB/2.1 MiB/30 MiB GO alloc/idle/total, 9.3 MiB/15 MiB CGO alloc/total, 62.41cgo/sec, 0.01/0.00 %(u/s)time, 0.00 %gc (0x)
I170813 18:04:10.114252 230 server/status/runtime.go:225  [n1] runtime stats: 63 MiB RSS, 158 goroutines, 14 MiB/5.7 MiB/30 MiB GO alloc/idle/total, 9.3 MiB/15 MiB CGO alloc/total, 59.01cgo/sec, 0.01/0.00 %(u/s)time, 0.00 %gc (1x)
I170813 18:04:20.114375 230 server/status/runtime.go:225  [n1] runtime stats: 64 MiB RSS, 158 goroutines, 11 MiB/9.0 MiB/30 MiB GO alloc/idle/total, 9.5 MiB/15 MiB CGO alloc/total, 58.10cgo/sec, 0.01/0.00 %(u/s)time, 0.00 %gc (1x)
I170813 18:04:30.115106 229 gossip/gossip.go:448  [n1] gossip status (ok, 1 node)
gossip client (0/3 cur/max conns)
gossip server (0/3 cur/max conns, infos 0/0 sent/received, bytes 0B/0B sent/received)
I170813 18:04:30.115326 230 server/status/runtime.go:225  [n1] runtime stats: 64 MiB RSS, 158 goroutines, 16 MiB/3.7 MiB/30 MiB GO alloc/idle/total, 9.4 MiB/15 MiB CGO alloc/total, 58.09cgo/sec, 0.01/0.00 %(u/s)time, 0.00 %gc (0x)
I170813 18:04:40.117133 230 server/status/runtime.go:225  [n1] runtime stats: 64 MiB RSS, 158 goroutines, 14 MiB/5.9 MiB/30 MiB GO alloc/idle/total, 9.4 MiB/15 MiB CGO alloc/total, 104.08cgo/sec, 0.01/0.00 %(u/s)time, 0.00 %gc (1x)
I170813 18:04:50.118183 230 server/status/runtime.go:225  [n1] runtime stats: 64 MiB RSS, 158 goroutines, 19 MiB/832 KiB/30 MiB GO alloc/idle/total, 9.4 MiB/15 MiB CGO alloc/total, 61.19cgo/sec, 0.01/0.00 %(u/s)time, 0.00 %gc (0x)
I170813 18:05:00.117674 230 server/status/runtime.go:225  [n1] runtime stats: 64 MiB RSS, 158 goroutines, 15 MiB/6.0 MiB/31 MiB GO alloc/idle/total, 9.5 MiB/15 MiB CGO alloc/total, 59.00cgo/sec, 0.01/0.00 %(u/s)time, 0.00 %gc (1x)
I170813 18:05:10.118357 230 server/status/runtime.go:225  [n1] runtime stats: 65 MiB RSS, 158 goroutines, 12 MiB/9.1 MiB/31 MiB GO alloc/idle/total, 11 MiB/16 MiB CGO alloc/total, 57.80cgo/sec, 0.01/0.00 %(u/s)time, 0.00 %gc (1x)
I170813 18:05:20.117537 230 server/status/runtime.go:225  [n1] runtime stats: 65 MiB RSS, 158 goroutines, 17 MiB/3.9 MiB/31 MiB GO alloc/idle/total, 11 MiB/16 MiB CGO alloc/total, 65.01cgo/sec, 0.01/0.00 %(u/s)time, 0.00 %gc (0x)
I170813 18:05:30.118221 229 gossip/gossip.go:448  [n1] gossip status (ok, 1 node)
gossip client (0/3 cur/max conns)
gossip server (0/3 cur/max conns, infos 0/0 sent/received, bytes 0B/0B sent/received)
I170813 18:05:30.118344 230 server/status/runtime.go:225  [n1] runtime stats: 66 MiB RSS, 158 goroutines, 12 MiB/8.0 MiB/31 MiB GO alloc/idle/total, 11 MiB/16 MiB CGO alloc/total, 62.40cgo/sec, 0.01/0.00 %(u/s)time, 0.00 %gc (1x)
I170813 18:05:40.116555 230 server/status/runtime.go:225  [n1] runtime stats: 66 MiB RSS, 158 goroutines, 18 MiB/2.8 MiB/31 MiB GO alloc/idle/total, 11 MiB/17 MiB CGO alloc/total, 64.51cgo/sec, 0.01/0.00 %(u/s)time, 0.00 %gc (0x)
I170813 18:05:50.118260 230 server/status/runtime.go:225  [n1] runtime stats: 66 MiB RSS, 158 goroutines, 14 MiB/6.8 MiB/31 MiB GO alloc/idle/total, 11 MiB/17 MiB CGO alloc/total, 58.99cgo/sec, 0.01/0.00 %(u/s)time, 0.00 %gc (1x)
I170813 18:06:00.117965 230 server/status/runtime.go:225  [n1] runtime stats: 67 MiB RSS, 158 goroutines, 19 MiB/1.7 MiB/31 MiB GO alloc/idle/total, 11 MiB/17 MiB CGO alloc/total, 58.10cgo/sec, 0.01/0.00 %(u/s)time, 0.00 %gc (0x)
I170813 18:06:10.116493 230 server/status/runtime.go:225  [n1] runtime stats: 67 MiB RSS, 158 goroutines, 15 MiB/5.7 MiB/31 MiB GO alloc/idle/total, 11 MiB/17 MiB CGO alloc/total, 66.21cgo/sec, 0.01/0.00 %(u/s)time, 0.00 %gc (1x)
I170813 18:06:20.115589 230 server/status/runtime.go:225  [n1] runtime stats: 67 MiB RSS, 158 goroutines, 11 MiB/9.6 MiB/31 MiB GO alloc/idle/total, 11 MiB/17 MiB CGO alloc/total, 58.11cgo/sec, 0.01/0.00 %(u/s)time, 0.00 %gc (1x)
I170813 18:06:30.114302 229 gossip/gossip.go:448  [n1] gossip status (ok, 1 node)
gossip client (0/3 cur/max conns)
gossip server (0/3 cur/max conns, infos 0/0 sent/received, bytes 0B/0B sent/received)
I170813 18:06:30.114405 230 server/status/runtime.go:225  [n1] runtime stats: 67 MiB RSS, 158 goroutines, 16 MiB/4.5 MiB/31 MiB GO alloc/idle/total, 12 MiB/18 MiB CGO alloc/total, 58.71cgo/sec, 0.01/0.00 %(u/s)time, 0.00 %gc (0x)
I170813 18:06:40.114254 230 server/status/runtime.go:225  [n1] runtime stats: 67 MiB RSS, 158 goroutines, 13 MiB/7.6 MiB/31 MiB GO alloc/idle/total, 12 MiB/18 MiB CGO alloc/total, 65.00cgo/sec, 0.01/0.00 %(u/s)time, 0.00 %gc (1x)
I170813 18:06:50.113762 230 server/status/runtime.go:225  [n1] runtime stats: 67 MiB RSS, 158 goroutines, 18 MiB/2.4 MiB/31 MiB GO alloc/idle/total, 12 MiB/18 MiB CGO alloc/total, 62.80cgo/sec, 0.01/0.00 %(u/s)time, 0.00 %gc (0x)
I170813 18:07:00.114037 230 server/status/runtime.go:225  [n1] runtime stats: 68 MiB RSS, 158 goroutines, 14 MiB/8.0 MiB/32 MiB GO alloc/idle/total, 12 MiB/18 MiB CGO alloc/total, 61.50cgo/sec, 0.01/0.00 %(u/s)time, 0.00 %gc (1x)
I170813 18:07:10.114394 230 server/status/runtime.go:225  [n1] runtime stats: 68 MiB RSS, 158 goroutines, 19 MiB/3.0 MiB/32 MiB GO alloc/idle/total, 12 MiB/18 MiB CGO alloc/total, 58.10cgo/sec, 0.01/0.00 %(u/s)time, 0.00 %gc (0x)
I170813 18:07:20.117881 230 server/status/runtime.go:225  [n1] runtime stats: 68 MiB RSS, 158 goroutines, 14 MiB/7.1 MiB/32 MiB GO alloc/idle/total, 12 MiB/18 MiB CGO alloc/total, 58.68cgo/sec, 0.01/0.00 %(u/s)time, 0.00 %gc (1x)
I170813 18:07:30.117169 230 server/status/runtime.go:225  [n1] runtime stats: 68 MiB RSS, 158 goroutines, 20 MiB/1.8 MiB/32 MiB GO alloc/idle/total, 12 MiB/18 MiB CGO alloc/total, 73.40cgo/sec, 0.01/0.00 %(u/s)time, 0.00 %gc (0x)
I170813 18:07:30.117181 229 gossip/gossip.go:448  [n1] gossip status (ok, 1 node)
gossip client (0/3 cur/max conns)
gossip server (0/3 cur/max conns, infos 0/0 sent/received, bytes 0B/0B sent/received)
I170813 18:07:40.117431 230 server/status/runtime.go:225  [n1] runtime stats: 69 MiB RSS, 158 goroutines, 16 MiB/5.9 MiB/32 MiB GO alloc/idle/total, 12 MiB/19 MiB CGO alloc/total, 69.50cgo/sec, 0.01/0.00 %(u/s)time, 0.00 %gc (1x)
I170813 18:07:50.118312 230 server/status/runtime.go:225  [n1] runtime stats: 69 MiB RSS, 158 goroutines, 11 MiB/10 MiB/32 MiB GO alloc/idle/total, 12 MiB/19 MiB CGO alloc/total, 58.09cgo/sec, 0.01/0.00 %(u/s)time, 0.00 %gc (1x)
I170813 18:08:00.114498 230 server/status/runtime.go:225  [n1] runtime stats: 69 MiB RSS, 158 goroutines, 16 MiB/5.0 MiB/32 MiB GO alloc/idle/total, 12 MiB/19 MiB CGO alloc/total, 59.02cgo/sec, 0.01/0.00 %(u/s)time, 0.00 %gc (0x)
I170813 18:08:10.117804 230 server/status/runtime.go:225  [n1] runtime stats: 70 MiB RSS, 158 goroutines, 14 MiB/8.0 MiB/32 MiB GO alloc/idle/total, 12 MiB/19 MiB CGO alloc/total, 92.37cgo/sec, 0.01/0.00 %(u/s)time, 0.00 %gc (1x)
I170813 18:08:19.575169 494 sql/event_log.go:101  [client=127.0.0.1:57105,user=root,n1] Event: "create_database", target: 50, info: {DatabaseName:passwurd Statement:CREATE DATABASE passwurd User:root}
I170813 18:08:19.575309 41 storage/split_queue.go:93  [split,n1,s1,r10/1:/{Table/15-Max}] splitting at key /Table/50/0
I170813 18:08:19.575338 41 storage/replica_command.go:2670  [split,n1,s1,r10/1:/{Table/15-Max}] initiating a split of this range at key /Table/50 [r11]
I170813 18:08:19.581522 181 storage/replica_proposal.go:415  [n1,s1,r10/1:/{Table/15-Max}] new range lease repl=(n1,s1):1 start=0.000000000,0 epo=1 pro=1502672550.117106618,0 following repl=(n1,s1):1 start=0.000000000,0 epo=1 pro=1502672550.117106618,0
I170813 18:08:20.117744 230 server/status/runtime.go:225  [n1] runtime stats: 70 MiB RSS, 158 goroutines, 20 MiB/1.8 MiB/32 MiB GO alloc/idle/total, 12 MiB/19 MiB CGO alloc/total, 124.80cgo/sec, 0.01/0.00 %(u/s)time, 0.00 %gc (0x)
I170813 18:08:30.117091 229 gossip/gossip.go:448  [n1] gossip status (ok, 1 node)
gossip client (0/3 cur/max conns)
gossip server (0/3 cur/max conns, infos 0/0 sent/received, bytes 0B/0B sent/received)
I170813 18:08:30.117138 230 server/status/runtime.go:225  [n1] runtime stats: 71 MiB RSS, 158 goroutines, 14 MiB/7.8 MiB/33 MiB GO alloc/idle/total, 12 MiB/19 MiB CGO alloc/total, 68.00cgo/sec, 0.01/0.00 %(u/s)time, 0.00 %gc (1x)
I170813 18:08:40.114998 230 server/status/runtime.go:225  [n1] runtime stats: 71 MiB RSS, 158 goroutines, 20 MiB/2.6 MiB/33 MiB GO alloc/idle/total, 12 MiB/19 MiB CGO alloc/total, 64.51cgo/sec, 0.01/0.00 %(u/s)time, 0.00 %gc (0x)
I170813 18:08:50.115804 230 server/status/runtime.go:225  [n1] runtime stats: 71 MiB RSS, 158 goroutines, 15 MiB/7.7 MiB/33 MiB GO alloc/idle/total, 12 MiB/19 MiB CGO alloc/total, 58.99cgo/sec, 0.01/0.00 %(u/s)time, 0.00 %gc (1x)
I170813 18:09:00.115520 230 server/status/runtime.go:225  [n1] runtime stats: 72 MiB RSS, 158 goroutines, 21 MiB/2.5 MiB/33 MiB GO alloc/idle/total, 13 MiB/20 MiB CGO alloc/total, 67.40cgo/sec, 0.01/0.00 %(u/s)time, 0.00 %gc (0x)
I170813 18:09:10.115053 230 server/status/runtime.go:225  [n1] runtime stats: 72 MiB RSS, 158 goroutines, 16 MiB/6.8 MiB/33 MiB GO alloc/idle/total, 13 MiB/20 MiB CGO alloc/total, 65.30cgo/sec, 0.01/0.00 %(u/s)time, 0.00 %gc (1x)
I170813 18:09:20.117035 230 server/status/runtime.go:225  [n1] runtime stats: 72 MiB RSS, 158 goroutines, 21 MiB/1.8 MiB/33 MiB GO alloc/idle/total, 13 MiB/20 MiB CGO alloc/total, 58.99cgo/sec, 0.01/0.00 %(u/s)time, 0.00 %gc (0x)
I170813 18:09:30.113529 229 gossip/gossip.go:448  [n1] gossip status (ok, 1 node)
gossip client (0/3 cur/max conns)
gossip server (0/3 cur/max conns, infos 0/0 sent/received, bytes 0B/0B sent/received)
I170813 18:09:30.113638 230 server/status/runtime.go:225  [n1] runtime stats: 72 MiB RSS, 160 goroutines, 16 MiB/6.5 MiB/33 MiB GO alloc/idle/total, 13 MiB/20 MiB CGO alloc/total, 59.12cgo/sec, 0.01/0.00 %(u/s)time, 0.00 %gc (1x)
I170813 18:09:40.115984 230 server/status/runtime.go:225  [n1] runtime stats: 72 MiB RSS, 158 goroutines, 12 MiB/11 MiB/33 MiB GO alloc/idle/total, 13 MiB/20 MiB CGO alloc/total, 64.39cgo/sec, 0.01/0.00 %(u/s)time, 0.00 %gc (1x)
I170813 18:09:50.115779 230 server/status/runtime.go:225  [n1] runtime stats: 72 MiB RSS, 158 goroutines, 17 MiB/5.6 MiB/33 MiB GO alloc/idle/total, 13 MiB/20 MiB CGO alloc/total, 65.30cgo/sec, 0.01/0.00 %(u/s)time, 0.00 %gc (0x)
I170813 18:10:00.115493 230 server/status/runtime.go:225  [n1] runtime stats: 72 MiB RSS, 158 goroutines, 13 MiB/9.3 MiB/33 MiB GO alloc/idle/total, 13 MiB/20 MiB CGO alloc/total, 62.10cgo/sec, 0.01/0.00 %(u/s)time, 0.00 %gc (1x)
I170813 18:10:10.115219 230 server/status/runtime.go:225  [n1] runtime stats: 73 MiB RSS, 158 goroutines, 19 MiB/4.1 MiB/33 MiB GO alloc/idle/total, 14 MiB/22 MiB CGO alloc/total, 58.10cgo/sec, 0.01/0.00 %(u/s)time, 0.00 %gc (0x)
I170813 18:10:20.117798 230 server/status/runtime.go:225  [n1] runtime stats: 73 MiB RSS, 158 goroutines, 13 MiB/10 MiB/34 MiB GO alloc/idle/total, 14 MiB/22 MiB CGO alloc/total, 58.08cgo/sec, 0.01/0.00 %(u/s)time, 0.00 %gc (1x)
I170813 18:10:30.114810 229 gossip/gossip.go:448  [n1] gossip status (ok, 1 node)
gossip client (0/3 cur/max conns)
gossip server (0/3 cur/max conns, infos 0/0 sent/received, bytes 0B/0B sent/received)
I170813 18:10:30.114876 230 server/status/runtime.go:225  [n1] runtime stats: 74 MiB RSS, 158 goroutines, 19 MiB/5.2 MiB/34 MiB GO alloc/idle/total, 14 MiB/22 MiB CGO alloc/total, 59.02cgo/sec, 0.01/0.00 %(u/s)time, 0.00 %gc (0x)
I170813 18:10:40.114616 230 server/status/runtime.go:225  [n1] runtime stats: 74 MiB RSS, 158 goroutines, 12 MiB/11 MiB/34 MiB GO alloc/idle/total, 14 MiB/22 MiB CGO alloc/total, 65.20cgo/sec, 0.01/0.00 %(u/s)time, 0.00 %gc (1x)
I170813 18:10:50.116728 230 server/status/runtime.go:225  [n1] runtime stats: 74 MiB RSS, 158 goroutines, 18 MiB/5.8 MiB/34 MiB GO alloc/idle/total, 14 MiB/22 MiB CGO alloc/total, 62.09cgo/sec, 0.01/0.00 %(u/s)time, 0.00 %gc (0x)
I170813 18:11:00.115596 230 server/status/runtime.go:225  [n1] runtime stats: 74 MiB RSS, 158 goroutines, 14 MiB/9.8 MiB/34 MiB GO alloc/idle/total, 14 MiB/22 MiB CGO alloc/total, 58.11cgo/sec, 0.01/0.00 %(u/s)time, 0.00 %gc (1x)
I170813 18:11:10.113758 230 server/status/runtime.go:225  [n1] runtime stats: 73 MiB RSS, 158 goroutines, 19 MiB/4.8 MiB/34 MiB GO alloc/idle/total, 8.1 MiB/22 MiB CGO alloc/total, 58.11cgo/sec, 0.03/0.00 %(u/s)time, 0.00 %gc (0x)
I170813 18:11:20.113753 230 server/status/runtime.go:225  [n1] runtime stats: 74 MiB RSS, 158 goroutines, 13 MiB/11 MiB/34 MiB GO alloc/idle/total, 7.9 MiB/22 MiB CGO alloc/total, 66.40cgo/sec, 0.01/0.00 %(u/s)time, 0.00 %gc (1x)
I170813 18:11:30.116728 229 gossip/gossip.go:448  [n1] gossip status (ok, 1 node)
gossip client (0/3 cur/max conns)
gossip server (0/3 cur/max conns, infos 0/0 sent/received, bytes 0B/0B sent/received)
I170813 18:11:30.116736 230 server/status/runtime.go:225  [n1] runtime stats: 74 MiB RSS, 158 goroutines, 18 MiB/5.5 MiB/34 MiB GO alloc/idle/total, 7.8 MiB/22 MiB CGO alloc/total, 61.38cgo/sec, 0.01/0.00 %(u/s)time, 0.00 %gc (0x)
E170813 18:11:30.146621 330 storage/queue.go:734  [n1,replicate] 11 replicas failing with "0 of 0 stores with all attributes matching []; likely not enough nodes in cluster"
I170813 18:11:40.113724 230 server/status/runtime.go:225  [n1] runtime stats: 74 MiB RSS, 158 goroutines, 15 MiB/8.9 MiB/34 MiB GO alloc/idle/total, 8.1 MiB/22 MiB CGO alloc/total, 96.53cgo/sec, 0.01/0.00 %(u/s)time, 0.00 %gc (1x)
I170813 18:11:50.113948 230 server/status/runtime.go:225  [n1] runtime stats: 74 MiB RSS, 158 goroutines, 20 MiB/3.8 MiB/34 MiB GO alloc/idle/total, 8.1 MiB/22 MiB CGO alloc/total, 61.40cgo/sec, 0.01/0.00 %(u/s)time, 0.00 %gc (0x)
I170813 18:12:00.113676 230 server/status/runtime.go:225  [n1] runtime stats: 75 MiB RSS, 158 goroutines, 14 MiB/11 MiB/35 MiB GO alloc/idle/total, 7.9 MiB/22 MiB CGO alloc/total, 58.00cgo/sec, 0.01/0.00 %(u/s)time, 0.00 %gc (1x)
I170813 18:12:10.113605 230 server/status/runtime.go:225  [n1] runtime stats: 75 MiB RSS, 158 goroutines, 19 MiB/5.6 MiB/35 MiB GO alloc/idle/total, 7.9 MiB/22 MiB CGO alloc/total, 70.70cgo/sec, 0.01/0.00 %(u/s)time, 0.00 %gc (0x)
I170813 18:12:20.113833 230 server/status/runtime.go:225  [n1] runtime stats: 76 MiB RSS, 158 goroutines, 14 MiB/11 MiB/35 MiB GO alloc/idle/total, 7.8 MiB/22 MiB CGO alloc/total, 58.30cgo/sec, 0.01/0.00 %(u/s)time, 0.00 %gc (1x)
I170813 18:12:30.115139 229 gossip/gossip.go:448  [n1] gossip status (ok, 1 node)
gossip client (0/3 cur/max conns)
gossip server (0/3 cur/max conns, infos 0/0 sent/received, bytes 0B/0B sent/received)
I170813 18:12:30.115154 230 server/status/runtime.go:225  [n1] runtime stats: 76 MiB RSS, 158 goroutines, 19 MiB/5.6 MiB/35 MiB GO alloc/idle/total, 8.6 MiB/22 MiB CGO alloc/total, 60.09cgo/sec, 0.01/0.00 %(u/s)time, 0.00 %gc (0x)
I170813 18:12:40.113622 230 server/status/runtime.go:225  [n1] runtime stats: 76 MiB RSS, 158 goroutines, 12 MiB/12 MiB/35 MiB GO alloc/idle/total, 8.6 MiB/22 MiB CGO alloc/total, 64.71cgo/sec, 0.01/0.00 %(u/s)time, 0.00 %gc (1x)
I170813 18:12:50.116169 230 server/status/runtime.go:225  [n1] runtime stats: 76 MiB RSS, 158 goroutines, 18 MiB/6.6 MiB/35 MiB GO alloc/idle/total, 8.5 MiB/23 MiB CGO alloc/total, 62.28cgo/sec, 0.01/0.00 %(u/s)time, 0.00 %gc (0x)
I170813 18:13:00.114260 230 server/status/runtime.go:225  [n1] runtime stats: 76 MiB RSS, 158 goroutines, 13 MiB/12 MiB/35 MiB GO alloc/idle/total, 8.5 MiB/23 MiB CGO alloc/total, 62.61cgo/sec, 0.01/0.00 %(u/s)time, 0.00 %gc (1x)
I170813 18:13:10.113883 230 server/status/runtime.go:225  [n1] runtime stats: 76 MiB RSS, 158 goroutines, 18 MiB/6.4 MiB/35 MiB GO alloc/idle/total, 8.6 MiB/23 MiB CGO alloc/total, 58.30cgo/sec, 0.01/0.00 %(u/s)time, 0.00 %gc (0x)
I170813 18:13:20.116706 230 server/status/runtime.go:225  [n1] runtime stats: 76 MiB RSS, 158 goroutines, 13 MiB/11 MiB/35 MiB GO alloc/idle/total, 8.4 MiB/23 MiB CGO alloc/total, 58.88cgo/sec, 0.01/0.00 %(u/s)time, 0.00 %gc (1x)
I170813 18:13:30.113546 229 gossip/gossip.go:448  [n1] gossip status (ok, 1 node)
gossip client (0/3 cur/max conns)
gossip server (0/3 cur/max conns, infos 0/0 sent/received, bytes 0B/0B sent/received)
I170813 18:13:30.113616 230 server/status/runtime.go:225  [n1] runtime stats: 76 MiB RSS, 159 goroutines, 19 MiB/6.3 MiB/35 MiB GO alloc/idle/total, 8.4 MiB/23 MiB CGO alloc/total, 61.72cgo/sec, 0.01/0.00 %(u/s)time, 0.00 %gc (0x)
I170813 18:13:40.114137 230 server/status/runtime.go:225  [n1] runtime stats: 76 MiB RSS, 158 goroutines, 13 MiB/11 MiB/35 MiB GO alloc/idle/total, 8.3 MiB/23 MiB CGO alloc/total, 65.10cgo/sec, 0.01/0.00 %(u/s)time, 0.00 %gc (1x)
I170813 18:13:50.117106 230 server/status/runtime.go:225  [n1] runtime stats: 76 MiB RSS, 158 goroutines, 19 MiB/6.0 MiB/35 MiB GO alloc/idle/total, 9.3 MiB/24 MiB CGO alloc/total, 62.28cgo/sec, 0.01/0.00 %(u/s)time, 0.00 %gc (0x)
I170813 18:14:00.113705 230 server/status/runtime.go:225  [n1] runtime stats: 77 MiB RSS, 158 goroutines, 13 MiB/11 MiB/35 MiB GO alloc/idle/total, 9.2 MiB/24 MiB CGO alloc/total, 58.32cgo/sec, 0.01/0.00 %(u/s)time, 0.00 %gc (1x)
I170813 18:14:10.113797 230 server/status/runtime.go:225  [n1] runtime stats: 77 MiB RSS, 158 goroutines, 19 MiB/6.0 MiB/35 MiB GO alloc/idle/total, 9.2 MiB/24 MiB CGO alloc/total, 59.20cgo/sec, 0.01/0.00 %(u/s)time, 0.00 %gc (0x)
I170813 18:14:20.117917 230 server/status/runtime.go:225  [n1] runtime stats: 77 MiB RSS, 158 goroutines, 13 MiB/11 MiB/35 MiB GO alloc/idle/total, 9.2 MiB/24 MiB CGO alloc/total, 68.57cgo/sec, 0.01/0.00 %(u/s)time, 0.00 %gc (1x)
I170813 18:14:30.117183 229 gossip/gossip.go:448  [n1] gossip status (ok, 1 node)
gossip client (0/3 cur/max conns)
gossip server (0/3 cur/max conns, infos 0/0 sent/received, bytes 0B/0B sent/received)
I170813 18:14:30.117333 230 server/status/runtime.go:225  [n1] runtime stats: 77 MiB RSS, 158 goroutines, 19 MiB/6.0 MiB/35 MiB GO alloc/idle/total, 9.1 MiB/24 MiB CGO alloc/total, 58.30cgo/sec, 0.01/0.00 %(u/s)time, 0.00 %gc (0x)
I170813 18:14:40.115132 230 server/status/runtime.go:225  [n1] runtime stats: 77 MiB RSS, 158 goroutines, 13 MiB/11 MiB/35 MiB GO alloc/idle/total, 9.1 MiB/24 MiB CGO alloc/total, 62.21cgo/sec, 0.01/0.00 %(u/s)time, 0.00 %gc (1x)
I170813 18:14:50.118079 230 server/status/runtime.go:225  [n1] runtime stats: 78 MiB RSS, 158 goroutines, 19 MiB/6.0 MiB/35 MiB GO alloc/idle/total, 9.0 MiB/24 MiB CGO alloc/total, 61.38cgo/sec, 0.01/0.00 %(u/s)time, 0.00 %gc (0x)
I170813 18:15:00.113667 230 server/status/runtime.go:225  [n1] runtime stats: 78 MiB RSS, 158 goroutines, 24 MiB/1.1 MiB/35 MiB GO alloc/idle/total, 8.9 MiB/24 MiB CGO alloc/total, 58.93cgo/sec, 0.01/0.00 %(u/s)time, 0.00 %gc (0x)
I170813 18:15:10.117709 230 server/status/runtime.go:225  [n1] runtime stats: 78 MiB RSS, 158 goroutines, 19 MiB/5.9 MiB/35 MiB GO alloc/idle/total, 10 MiB/25 MiB CGO alloc/total, 102.86cgo/sec, 0.01/0.00 %(u/s)time, 0.00 %gc (1x)
I170813 18:15:20.116430 230 server/status/runtime.go:225  [n1] runtime stats: 78 MiB RSS, 158 goroutines, 24 MiB/1000 KiB/35 MiB GO alloc/idle/total, 9.9 MiB/25 MiB CGO alloc/total, 58.31cgo/sec, 0.01/0.00 %(u/s)time, 0.00 %gc (0x)
I170813 18:15:30.114979 229 gossip/gossip.go:448  [n1] gossip status (ok, 1 node)
gossip client (0/3 cur/max conns)
gossip server (0/3 cur/max conns, infos 0/0 sent/received, bytes 0B/0B sent/received)
I170813 18:15:30.115029 230 server/status/runtime.go:225  [n1] runtime stats: 79 MiB RSS, 158 goroutines, 17 MiB/8.4 MiB/36 MiB GO alloc/idle/total, 9.8 MiB/25 MiB CGO alloc/total, 59.21cgo/sec, 0.01/0.00 %(u/s)time, 0.00 %gc (1x)
I170813 18:15:40.115463 230 server/status/runtime.go:225  [n1] runtime stats: 79 MiB RSS, 158 goroutines, 23 MiB/3.4 MiB/36 MiB GO alloc/idle/total, 9.8 MiB/25 MiB CGO alloc/total, 61.60cgo/sec, 0.01/0.00 %(u/s)time, 0.00 %gc (0x)
I170813 18:15:50.116072 230 server/status/runtime.go:225  [n1] runtime stats: 80 MiB RSS, 158 goroutines, 16 MiB/8.8 MiB/36 MiB GO alloc/idle/total, 9.7 MiB/25 MiB CGO alloc/total, 65.20cgo/sec, 0.01/0.00 %(u/s)time, 0.00 %gc (1x)
I170813 18:16:00.113628 230 server/status/runtime.go:225  [n1] runtime stats: 83 MiB RSS, 158 goroutines, 18 MiB/9.8 MiB/38 MiB GO alloc/idle/total, 12 MiB/27 MiB CGO alloc/total, 96.62cgo/sec, 0.01/0.00 %(u/s)time, 0.00 %gc (1x)
I170813 18:16:10.116159 230 server/status/runtime.go:225  [n1] runtime stats: 83 MiB RSS, 158 goroutines, 23 MiB/4.8 MiB/38 MiB GO alloc/idle/total, 12 MiB/27 MiB CGO alloc/total, 58.29cgo/sec, 0.01/0.00 %(u/s)time, 0.00 %gc (0x)
I170813 18:16:20.115927 230 server/status/runtime.go:225  [n1] runtime stats: 84 MiB RSS, 158 goroutines, 12 MiB/15 MiB/38 MiB GO alloc/idle/total, 14 MiB/28 MiB CGO alloc/total, 58.30cgo/sec, 0.01/0.00 %(u/s)time, 0.00 %gc (1x)
I170813 18:16:30.114974 230 server/status/runtime.go:225  [n1] runtime stats: 84 MiB RSS, 158 goroutines, 18 MiB/9.9 MiB/38 MiB GO alloc/idle/total, 13 MiB/28 MiB CGO alloc/total, 59.21cgo/sec, 0.01/0.00 %(u/s)time, 0.00 %gc (0x)
I170813 18:16:30.114981 229 gossip/gossip.go:448  [n1] gossip status (ok, 1 node)
gossip client (0/3 cur/max conns)
gossip server (0/3 cur/max conns, infos 0/0 sent/received, bytes 0B/0B sent/received)
I170813 18:16:40.115562 230 server/status/runtime.go:225  [n1] runtime stats: 84 MiB RSS, 158 goroutines, 14 MiB/14 MiB/38 MiB GO alloc/idle/total, 13 MiB/28 MiB CGO alloc/total, 71.90cgo/sec, 0.01/0.00 %(u/s)time, 0.00 %gc (1x)
I170813 18:16:50.114794 230 server/status/runtime.go:225  [n1] runtime stats: 85 MiB RSS, 158 goroutines, 11 MiB/16 MiB/38 MiB GO alloc/idle/total, 13 MiB/28 MiB CGO alloc/total, 59.20cgo/sec, 0.01/0.00 %(u/s)time, 0.00 %gc (1x)
I170813 18:17:00.115052 230 server/status/runtime.go:225  [n1] runtime stats: 85 MiB RSS, 158 goroutines, 17 MiB/11 MiB/38 MiB GO alloc/idle/total, 13 MiB/28 MiB CGO alloc/total, 58.00cgo/sec, 0.01/0.00 %(u/s)time, 0.00 %gc (0x)
I170813 18:17:10.115105 230 server/status/runtime.go:225  [n1] runtime stats: 85 MiB RSS, 158 goroutines, 12 MiB/15 MiB/38 MiB GO alloc/idle/total, 13 MiB/28 MiB CGO alloc/total, 61.40cgo/sec, 0.01/0.00 %(u/s)time, 0.00 %gc (1x)
I170813 18:17:20.114545 230 server/status/runtime.go:225  [n1] runtime stats: 85 MiB RSS, 158 goroutines, 18 MiB/10 MiB/38 MiB GO alloc/idle/total, 13 MiB/28 MiB CGO alloc/total, 66.40cgo/sec, 0.01/0.00 %(u/s)time, 0.00 %gc (0x)
I170813 18:17:30.114913 230 server/status/runtime.go:225  [n1] runtime stats: 85 MiB RSS, 158 goroutines, 14 MiB/14 MiB/38 MiB GO alloc/idle/total, 13 MiB/28 MiB CGO alloc/total, 58.30cgo/sec, 0.01/0.00 %(u/s)time, 0.00 %gc (1x)
I170813 18:17:30.114921 229 gossip/gossip.go:448  [n1] gossip status (ok, 1 node)
gossip client (0/3 cur/max conns)
gossip server (0/3 cur/max conns, infos 0/0 sent/received, bytes 0B/0B sent/received)
I170813 18:17:40.114252 230 server/status/runtime.go:225  [n1] runtime stats: 85 MiB RSS, 158 goroutines, 11 MiB/16 MiB/38 MiB GO alloc/idle/total, 14 MiB/28 MiB CGO alloc/total, 62.50cgo/sec, 0.01/0.00 %(u/s)time, 0.00 %gc (1x)
I170813 18:17:50.114034 230 server/status/runtime.go:225  [n1] runtime stats: 85 MiB RSS, 158 goroutines, 17 MiB/11 MiB/38 MiB GO alloc/idle/total, 14 MiB/28 MiB CGO alloc/total, 58.30cgo/sec, 0.01/0.00 %(u/s)time, 0.00 %gc (0x)
I170813 18:18:00.116388 230 server/status/runtime.go:225  [n1] runtime stats: 85 MiB RSS, 158 goroutines, 12 MiB/15 MiB/38 MiB GO alloc/idle/total, 14 MiB/28 MiB CGO alloc/total, 58.89cgo/sec, 0.01/0.00 %(u/s)time, 0.00 %gc (1x)
I170813 18:18:10.116487 230 server/status/runtime.go:225  [n1] runtime stats: 85 MiB RSS, 158 goroutines, 18 MiB/10 MiB/38 MiB GO alloc/idle/total, 14 MiB/28 MiB CGO alloc/total, 69.10cgo/sec, 0.01/0.00 %(u/s)time, 0.00 %gc (0x)
I170813 18:18:20.114058 230 server/status/runtime.go:225  [n1] runtime stats: 85 MiB RSS, 158 goroutines, 14 MiB/14 MiB/38 MiB GO alloc/idle/total, 14 MiB/28 MiB CGO alloc/total, 58.31cgo/sec, 0.01/0.00 %(u/s)time, 0.00 %gc (1x)
I170813 18:18:20.114122 228 storage/store.go:3997  [n1,s1] sstables (read amplification = 1):
6 [ 542K 1 ]: 542K
I170813 18:18:30.114231 230 server/status/runtime.go:225  [n1] runtime stats: 85 MiB RSS, 158 goroutines, 19 MiB/8.9 MiB/38 MiB GO alloc/idle/total, 14 MiB/28 MiB CGO alloc/total, 62.30cgo/sec, 0.01/0.00 %(u/s)time, 0.00 %gc (0x)
I170813 18:18:30.114241 229 gossip/gossip.go:448  [n1] gossip status (ok, 1 node)
gossip client (0/3 cur/max conns)
gossip server (0/3 cur/max conns, infos 0/0 sent/received, bytes 0B/0B sent/received)
I170813 18:18:40.113779 230 server/status/runtime.go:225  [n1] runtime stats: 86 MiB RSS, 158 goroutines, 16 MiB/12 MiB/38 MiB GO alloc/idle/total, 14 MiB/28 MiB CGO alloc/total, 95.60cgo/sec, 0.01/0.00 %(u/s)time, 0.00 %gc (1x)
I170813 18:18:50.113749 230 server/status/runtime.go:225  [n1] runtime stats: 86 MiB RSS, 158 goroutines, 12 MiB/16 MiB/38 MiB GO alloc/idle/total, 15 MiB/30 MiB CGO alloc/total, 66.40cgo/sec, 0.01/0.00 %(u/s)time, 0.00 %gc (1x)
I170813 18:19:00.117457 230 server/status/runtime.go:225  [n1] runtime stats: 86 MiB RSS, 158 goroutines, 17 MiB/11 MiB/38 MiB GO alloc/idle/total, 15 MiB/30 MiB CGO alloc/total, 58.28cgo/sec, 0.01/0.00 %(u/s)time, 0.00 %gc (0x)
I170813 18:19:10.118183 230 server/status/runtime.go:225  [n1] runtime stats: 86 MiB RSS, 158 goroutines, 12 MiB/15 MiB/38 MiB GO alloc/idle/total, 15 MiB/30 MiB CGO alloc/total, 59.20cgo/sec, 0.01/0.00 %(u/s)time, 0.00 %gc (1x)
I170813 18:19:20.118165 230 server/status/runtime.go:225  [n1] runtime stats: 86 MiB RSS, 158 goroutines, 18 MiB/10 MiB/38 MiB GO alloc/idle/total, 15 MiB/30 MiB CGO alloc/total, 58.30cgo/sec, 0.01/0.00 %(u/s)time, 0.00 %gc (0x)
I170813 18:19:30.113960 229 gossip/gossip.go:448  [n1] gossip status (ok, 1 node)
gossip client (0/3 cur/max conns)
gossip server (0/3 cur/max conns, infos 0/0 sent/received, bytes 0B/0B sent/received)
I170813 18:19:30.114047 230 server/status/runtime.go:225  [n1] runtime stats: 86 MiB RSS, 158 goroutines, 14 MiB/14 MiB/38 MiB GO alloc/idle/total, 15 MiB/30 MiB CGO alloc/total, 58.32cgo/sec, 0.01/0.00 %(u/s)time, 0.00 %gc (1x)
I170813 18:19:40.116794 230 server/status/runtime.go:225  [n1] runtime stats: 87 MiB RSS, 158 goroutines, 19 MiB/9.0 MiB/38 MiB GO alloc/idle/total, 15 MiB/30 MiB CGO alloc/total, 66.28cgo/sec, 0.01/0.00 %(u/s)time, 0.00 %gc (0x)
I170813 18:19:50.116904 230 server/status/runtime.go:225  [n1] runtime stats: 87 MiB RSS, 158 goroutines, 15 MiB/13 MiB/38 MiB GO alloc/idle/total, 15 MiB/30 MiB CGO alloc/total, 61.40cgo/sec, 0.01/0.00 %(u/s)time, 0.00 %gc (1x)
I170813 18:20:00.118189 230 server/status/runtime.go:225  [n1] runtime stats: 87 MiB RSS, 158 goroutines, 11 MiB/16 MiB/38 MiB GO alloc/idle/total, 15 MiB/30 MiB CGO alloc/total, 59.19cgo/sec, 0.01/0.00 %(u/s)time, 0.00 %gc (1x)
I170813 18:20:10.117933 230 server/status/runtime.go:225  [n1] runtime stats: 87 MiB RSS, 158 goroutines, 16 MiB/12 MiB/38 MiB GO alloc/idle/total, 16 MiB/30 MiB CGO alloc/total, 58.00cgo/sec, 0.01/0.00 %(u/s)time, 0.00 %gc (0x)
I170813 18:20:20.116655 230 server/status/runtime.go:225  [n1] runtime stats: 87 MiB RSS, 158 goroutines, 13 MiB/15 MiB/38 MiB GO alloc/idle/total, 16 MiB/30 MiB CGO alloc/total, 65.21cgo/sec, 0.01/0.00 %(u/s)time, 0.00 %gc (1x)
I170813 18:20:30.116516 229 gossip/gossip.go:448  [n1] gossip status (ok, 1 node)
gossip client (0/3 cur/max conns)
gossip server (0/3 cur/max conns, infos 0/0 sent/received, bytes 0B/0B sent/received)
I170813 18:20:30.116536 230 server/status/runtime.go:225  [n1] runtime stats: 87 MiB RSS, 158 goroutines, 18 MiB/9.6 MiB/38 MiB GO alloc/idle/total, 16 MiB/30 MiB CGO alloc/total, 62.60cgo/sec, 0.01/0.00 %(u/s)time, 0.00 %gc (0x)
I170813 18:20:40.115507 230 server/status/runtime.go:225  [n1] runtime stats: 87 MiB RSS, 158 goroutines, 14 MiB/14 MiB/38 MiB GO alloc/idle/total, 16 MiB/30 MiB CGO alloc/total, 61.31cgo/sec, 0.01/0.00 %(u/s)time, 0.00 %gc (1x)
I170813 18:20:50.115485 230 server/status/runtime.go:225  [n1] runtime stats: 87 MiB RSS, 158 goroutines, 19 MiB/8.8 MiB/38 MiB GO alloc/idle/total, 16 MiB/30 MiB CGO alloc/total, 62.30cgo/sec, 0.01/0.00 %(u/s)time, 0.00 %gc (0x)
I170813 18:21:00.114291 230 server/status/runtime.go:225  [n1] runtime stats: 87 MiB RSS, 158 goroutines, 15 MiB/13 MiB/38 MiB GO alloc/idle/total, 16 MiB/30 MiB CGO alloc/total, 58.01cgo/sec, 0.01/0.00 %(u/s)time, 0.00 %gc (1x)
I170813 18:21:10.113608 230 server/status/runtime.go:225  [n1] runtime stats: 84 MiB RSS, 158 goroutines, 20 MiB/8.0 MiB/38 MiB GO alloc/idle/total, 9.6 MiB/29 MiB CGO alloc/total, 69.50cgo/sec, 0.04/0.01 %(u/s)time, 0.00 %gc (0x)
I170813 18:21:20.113854 230 server/status/runtime.go:225  [n1] runtime stats: 84 MiB RSS, 158 goroutines, 15 MiB/12 MiB/38 MiB GO alloc/idle/total, 9.6 MiB/29 MiB CGO alloc/total, 58.00cgo/sec, 0.01/0.00 %(u/s)time, 0.00 %gc (1x)
I170813 18:21:30.114467 229 gossip/gossip.go:448  [n1] gossip status (ok, 1 node)
gossip client (0/3 cur/max conns)
gossip server (0/3 cur/max conns, infos 0/0 sent/received, bytes 0B/0B sent/received)
I170813 18:21:30.114880 230 server/status/runtime.go:225  [n1] runtime stats: 85 MiB RSS, 158 goroutines, 11 MiB/16 MiB/38 MiB GO alloc/idle/total, 9.7 MiB/29 MiB CGO alloc/total, 61.39cgo/sec, 0.01/0.00 %(u/s)time, 0.00 %gc (1x)
E170813 18:21:30.149105 330 storage/queue.go:734  [n1,replicate] 11 replicas failing with "0 of 0 stores with all attributes matching []; likely not enough nodes in cluster"
I170813 18:21:40.117222 230 server/status/runtime.go:225  [n1] runtime stats: 85 MiB RSS, 158 goroutines, 16 MiB/11 MiB/38 MiB GO alloc/idle/total, 9.7 MiB/29 MiB CGO alloc/total, 65.58cgo/sec, 0.01/0.00 %(u/s)time, 0.00 %gc (0x)
I170813 18:21:50.118228 230 server/status/runtime.go:225  [n1] runtime stats: 85 MiB RSS, 158 goroutines, 13 MiB/15 MiB/38 MiB GO alloc/idle/total, 9.7 MiB/29 MiB CGO alloc/total, 62.09cgo/sec, 0.01/0.00 %(u/s)time, 0.00 %gc (1x)
I170813 18:22:00.118091 230 server/status/runtime.go:225  [n1] runtime stats: 85 MiB RSS, 158 goroutines, 18 MiB/9.6 MiB/38 MiB GO alloc/idle/total, 9.7 MiB/29 MiB CGO alloc/total, 61.70cgo/sec, 0.01/0.00 %(u/s)time, 0.00 %gc (0x)
I170813 18:22:10.116659 230 server/status/runtime.go:225  [n1] runtime stats: 85 MiB RSS, 158 goroutines, 13 MiB/14 MiB/38 MiB GO alloc/idle/total, 10 MiB/29 MiB CGO alloc/total, 62.31cgo/sec, 0.01/0.00 %(u/s)time, 0.00 %gc (1x)
I170813 18:22:20.118166 230 server/status/runtime.go:225  [n1] runtime stats: 86 MiB RSS, 158 goroutines, 20 MiB/8.4 MiB/38 MiB GO alloc/idle/total, 10 MiB/29 MiB CGO alloc/total, 95.99cgo/sec, 0.01/0.00 %(u/s)time, 0.00 %gc (0x)
I170813 18:22:30.118128 229 gossip/gossip.go:448  [n1] gossip status (ok, 1 node)
gossip client (0/3 cur/max conns)
gossip server (0/3 cur/max conns, infos 0/0 sent/received, bytes 0B/0B sent/received)
I170813 18:22:30.118138 230 server/status/runtime.go:225  [n1] runtime stats: 86 MiB RSS, 158 goroutines, 14 MiB/14 MiB/38 MiB GO alloc/idle/total, 11 MiB/29 MiB CGO alloc/total, 59.20cgo/sec, 0.01/0.00 %(u/s)time, 0.00 %gc (1x)
I170813 18:22:40.116857 230 server/status/runtime.go:225  [n1] runtime stats: 86 MiB RSS, 158 goroutines, 19 MiB/8.8 MiB/38 MiB GO alloc/idle/total, 11 MiB/29 MiB CGO alloc/total, 68.51cgo/sec, 0.01/0.00 %(u/s)time, 0.00 %gc (0x)
I170813 18:22:50.116042 230 server/status/runtime.go:225  [n1] runtime stats: 86 MiB RSS, 158 goroutines, 14 MiB/13 MiB/38 MiB GO alloc/idle/total, 11 MiB/29 MiB CGO alloc/total, 61.41cgo/sec, 0.01/0.00 %(u/s)time, 0.00 %gc (1x)
I170813 18:23:00.117741 230 server/status/runtime.go:225  [n1] runtime stats: 86 MiB RSS, 158 goroutines, 20 MiB/7.9 MiB/38 MiB GO alloc/idle/total, 11 MiB/29 MiB CGO alloc/total, 60.39cgo/sec, 0.01/0.00 %(u/s)time, 0.00 %gc (0x)
I170813 18:23:10.113918 230 server/status/runtime.go:225  [n1] runtime stats: 86 MiB RSS, 157 goroutines, 15 MiB/13 MiB/38 MiB GO alloc/idle/total, 11 MiB/29 MiB CGO alloc/total, 61.42cgo/sec, 0.01/0.00 %(u/s)time, 0.00 %gc (1x)
I170813 18:23:20.114207 230 server/status/runtime.go:225  [n1] runtime stats: 86 MiB RSS, 157 goroutines, 20 MiB/7.7 MiB/38 MiB GO alloc/idle/total, 11 MiB/29 MiB CGO alloc/total, 66.40cgo/sec, 0.01/0.00 %(u/s)time, 0.00 %gc (0x)
I170813 18:23:30.113606 229 gossip/gossip.go:448  [n1] gossip status (ok, 1 node)
gossip client (0/3 cur/max conns)
gossip server (0/3 cur/max conns, infos 0/0 sent/received, bytes 0B/0B sent/received)
I170813 18:23:30.113690 230 server/status/runtime.go:225  [n1] runtime stats: 86 MiB RSS, 159 goroutines, 15 MiB/12 MiB/38 MiB GO alloc/idle/total, 11 MiB/29 MiB CGO alloc/total, 59.30cgo/sec, 0.01/0.00 %(u/s)time, 0.00 %gc (1x)
I170813 18:23:40.113653 230 server/status/runtime.go:225  [n1] runtime stats: 86 MiB RSS, 157 goroutines, 21 MiB/7.4 MiB/38 MiB GO alloc/idle/total, 12 MiB/30 MiB CGO alloc/total, 63.70cgo/sec, 0.01/0.00 %(u/s)time, 0.00 %gc (0x)
I170813 18:23:50.114821 230 server/status/runtime.go:225  [n1] runtime stats: 86 MiB RSS, 157 goroutines, 15 MiB/12 MiB/38 MiB GO alloc/idle/total, 12 MiB/30 MiB CGO alloc/total, 58.89cgo/sec, 0.01/0.00 %(u/s)time, 0.00 %gc (1x)
I170813 18:24:00.114582 230 server/status/runtime.go:225  [n1] runtime stats: 86 MiB RSS, 157 goroutines, 21 MiB/7.3 MiB/38 MiB GO alloc/idle/total, 12 MiB/30 MiB CGO alloc/total, 61.40cgo/sec, 0.01/0.00 %(u/s)time, 0.00 %gc (0x)
I170813 18:24:10.117941 230 server/status/runtime.go:225  [n1] runtime stats: 86 MiB RSS, 157 goroutines, 15 MiB/8.4 MiB/34 MiB GO alloc/idle/total, 12 MiB/30 MiB CGO alloc/total, 66.38cgo/sec, 0.01/0.00 %(u/s)time, 0.00 %gc (1x)
I170813 18:24:20.117690 230 server/status/runtime.go:225  [n1] runtime stats: 86 MiB RSS, 157 goroutines, 21 MiB/3.5 MiB/34 MiB GO alloc/idle/total, 12 MiB/30 MiB CGO alloc/total, 58.30cgo/sec, 0.01/0.00 %(u/s)time, 0.00 %gc (0x)
I170813 18:24:30.118259 229 gossip/gossip.go:448  [n1] gossip status (ok, 1 node)
gossip client (0/3 cur/max conns)
gossip server (0/3 cur/max conns, infos 0/0 sent/received, bytes 0B/0B sent/received)
I170813 18:24:30.118300 230 server/status/runtime.go:225  [n1] runtime stats: 87 MiB RSS, 157 goroutines, 15 MiB/8.5 MiB/34 MiB GO alloc/idle/total, 12 MiB/30 MiB CGO alloc/total, 58.30cgo/sec, 0.01/0.00 %(u/s)time, 0.00 %gc (1x)
I170813 18:24:40.113880 230 server/status/runtime.go:225  [n1] runtime stats: 87 MiB RSS, 157 goroutines, 21 MiB/3.6 MiB/34 MiB GO alloc/idle/total, 12 MiB/30 MiB CGO alloc/total, 65.63cgo/sec, 0.01/0.00 %(u/s)time, 0.00 %gc (0x)
I170813 18:24:50.116100 230 server/status/runtime.go:225  [n1] runtime stats: 87 MiB RSS, 157 goroutines, 15 MiB/8.5 MiB/34 MiB GO alloc/idle/total, 12 MiB/30 MiB CGO alloc/total, 65.49cgo/sec, 0.01/0.00 %(u/s)time, 0.00 %gc (1x)
I170813 18:25:00.117002 230 server/status/runtime.go:225  [n1] runtime stats: 87 MiB RSS, 157 goroutines, 20 MiB/3.6 MiB/34 MiB GO alloc/idle/total, 13 MiB/31 MiB CGO alloc/total, 58.29cgo/sec, 0.01/0.00 %(u/s)time, 0.00 %gc (0x)
I170813 18:25:10.117204 230 server/status/runtime.go:225  [n1] runtime stats: 87 MiB RSS, 157 goroutines, 14 MiB/9.0 MiB/34 MiB GO alloc/idle/total, 13 MiB/31 MiB CGO alloc/total, 59.20cgo/sec, 0.01/0.00 %(u/s)time, 0.00 %gc (1x)
I170813 18:25:20.115831 230 server/status/runtime.go:225  [n1] runtime stats: 87 MiB RSS, 157 goroutines, 20 MiB/4.2 MiB/34 MiB GO alloc/idle/total, 13 MiB/31 MiB CGO alloc/total, 61.41cgo/sec, 0.01/0.00 %(u/s)time, 0.00 %gc (0x)
I170813 18:25:30.113439 229 gossip/gossip.go:448  [n1] gossip status (ok, 1 node)
gossip client (0/3 cur/max conns)
gossip server (0/3 cur/max conns, infos 0/0 sent/received, bytes 0B/0B sent/received)
I170813 18:25:30.113776 230 server/status/runtime.go:225  [n1] runtime stats: 87 MiB RSS, 158 goroutines, 14 MiB/9.2 MiB/34 MiB GO alloc/idle/total, 13 MiB/31 MiB CGO alloc/total, 58.31cgo/sec, 0.01/0.00 %(u/s)time, 0.00 %gc (1x)
I170813 18:25:40.115751 230 server/status/runtime.go:225  [n1] runtime stats: 88 MiB RSS, 157 goroutines, 21 MiB/3.3 MiB/34 MiB GO alloc/idle/total, 13 MiB/31 MiB CGO alloc/total, 103.98cgo/sec, 0.01/0.00 %(u/s)time, 0.00 %gc (0x)
I170813 18:25:50.113648 230 server/status/runtime.go:225  [n1] runtime stats: 88 MiB RSS, 157 goroutines, 14 MiB/9.2 MiB/34 MiB GO alloc/idle/total, 13 MiB/31 MiB CGO alloc/total, 58.01cgo/sec, 0.01/0.00 %(u/s)time, 0.00 %gc (1x)
I170813 18:26:00.114086 230 server/status/runtime.go:225  [n1] runtime stats: 88 MiB RSS, 157 goroutines, 20 MiB/4.3 MiB/34 MiB GO alloc/idle/total, 13 MiB/31 MiB CGO alloc/total, 61.40cgo/sec, 0.01/0.00 %(u/s)time, 0.00 %gc (0x)
I170813 18:26:10.113835 230 server/status/runtime.go:225  [n1] runtime stats: 88 MiB RSS, 157 goroutines, 14 MiB/9.2 MiB/34 MiB GO alloc/idle/total, 13 MiB/31 MiB CGO alloc/total, 59.20cgo/sec, 0.01/0.00 %(u/s)time, 0.00 %gc (1x)
I170813 18:26:20.118139 230 server/status/runtime.go:225  [n1] runtime stats: 88 MiB RSS, 157 goroutines, 20 MiB/4.2 MiB/34 MiB GO alloc/idle/total, 14 MiB/31 MiB CGO alloc/total, 62.07cgo/sec, 0.01/0.00 %(u/s)time, 0.00 %gc (0x)
I170813 18:26:30.118521 229 gossip/gossip.go:448  [n1] gossip status (ok, 1 node)
gossip client (0/3 cur/max conns)
gossip server (0/3 cur/max conns, infos 0/0 sent/received, bytes 0B/0B sent/received)
I170813 18:26:30.118710 230 server/status/runtime.go:225  [n1] runtime stats: 88 MiB RSS, 157 goroutines, 14 MiB/10 MiB/34 MiB GO alloc/idle/total, 14 MiB/31 MiB CGO alloc/total, 62.60cgo/sec, 0.01/0.00 %(u/s)time, 0.00 %gc (1x)
I170813 18:26:40.118240 230 server/status/runtime.go:225  [n1] runtime stats: 88 MiB RSS, 157 goroutines, 19 MiB/4.9 MiB/34 MiB GO alloc/idle/total, 14 MiB/31 MiB CGO alloc/total, 61.60cgo/sec, 0.01/0.00 %(u/s)time, 0.00 %gc (0x)
I170813 18:26:50.114263 230 server/status/runtime.go:225  [n1] runtime stats: 88 MiB RSS, 157 goroutines, 13 MiB/11 MiB/34 MiB GO alloc/idle/total, 14 MiB/31 MiB CGO alloc/total, 61.42cgo/sec, 0.01/0.00 %(u/s)time, 0.00 %gc (1x)
I170813 18:27:00.115594 230 server/status/runtime.go:225  [n1] runtime stats: 88 MiB RSS, 157 goroutines, 18 MiB/5.9 MiB/34 MiB GO alloc/idle/total, 14 MiB/31 MiB CGO alloc/total, 59.19cgo/sec, 0.01/0.00 %(u/s)time, 0.00 %gc (0x)
I170813 18:27:10.118260 230 server/status/runtime.go:225  [n1] runtime stats: 88 MiB RSS, 157 goroutines, 13 MiB/11 MiB/34 MiB GO alloc/idle/total, 14 MiB/31 MiB CGO alloc/total, 62.08cgo/sec, 0.01/0.00 %(u/s)time, 0.00 %gc (1x)
I170813 18:27:20.117289 230 server/status/runtime.go:225  [n1] runtime stats: 88 MiB RSS, 157 goroutines, 18 MiB/5.7 MiB/34 MiB GO alloc/idle/total, 14 MiB/31 MiB CGO alloc/total, 61.41cgo/sec, 0.01/0.00 %(u/s)time, 0.00 %gc (0x)
I170813 18:27:30.116015 229 gossip/gossip.go:448  [n1] gossip status (ok, 1 node)
gossip client (0/3 cur/max conns)
gossip server (0/3 cur/max conns, infos 0/0 sent/received, bytes 0B/0B sent/received)
I170813 18:27:30.116054 230 server/status/runtime.go:225  [n1] runtime stats: 88 MiB RSS, 157 goroutines, 13 MiB/11 MiB/34 MiB GO alloc/idle/total, 15 MiB/33 MiB CGO alloc/total, 58.91cgo/sec, 0.01/0.00 %(u/s)time, 0.00 %gc (1x)
I170813 18:27:40.114518 230 server/status/runtime.go:225  [n1] runtime stats: 88 MiB RSS, 157 goroutines, 19 MiB/5.6 MiB/34 MiB GO alloc/idle/total, 15 MiB/33 MiB CGO alloc/total, 65.21cgo/sec, 0.01/0.00 %(u/s)time, 0.00 %gc (0x)
I170813 18:27:48.868074 1 cli/start.go:446  received signal 'interrupt'
I170813 18:27:48.868289 1 cli/start.go:471  initiating graceful shutdown of server
I170813 18:27:48.871179 2475 storage/engine/rocksdb.go:447  closing rocksdb instance at "/Users/marvin/Programming/laravel-apps/passwurd/database/cockroach/cockroach-data"
I170813 18:27:48.872334 141 vendor/google.golang.org/grpc/transport/http2_server.go:323  transport: http2Server.HandleStreams failed to read frame: read tcp 127.0.0.1:26257->127.0.0.1:57095: use of closed network connection
I170813 18:27:48.872866 1 cli/start.go:503  server drained and shutdown completed
E170813 18:27:48.873059 1 cli/error.go:68  interrupted
Error: interrupted
